[duruthemes.com/demo/html/gorman/light-onepage/index.html]
[backblue.gif]
[fade.gif]
[index.html]
[duruthemes.com/demo/html/gorman/light-onepage/images/favicon.png]
[duruthemes.com/demo/html/gorman/light-onepage/css/animate.css]
[duruthemes.com/demo/html/gorman/light-onepage/css/et-lineicons.css]
[duruthemes.com/demo/html/gorman/light-onepage/css/themify-icons.css]
[duruthemes.com/demo/html/gorman/light-onepage/css/bootstrap.css]
[duruthemes.com/demo/html/gorman/light-onepage/css/magnific-popup.css]
[duruthemes.com/demo/html/gorman/light-onepage/css/owl.carousel.min.css]
[duruthemes.com/demo/html/gorman/light-onepage/css/owl.theme.default.min.css]
[duruthemes.com/demo/html/gorman/light-onepage/css/flexslider.css]
[duruthemes.com/demo/html/gorman/light-onepage/css/style.css]
[duruthemes.com/demo/html/gorman/light-onepage/images/gorman.jpg]
[duruthemes.com/demo/html/gorman/light-onepage/images/about.jpg]
[duruthemes.com/demo/html/gorman/light-onepage/images/portfolio/01.jpg]
[duruthemes.com/demo/html/gorman/light-onepage/project-page.html]
[duruthemes.com/demo/html/gorman/light-onepage/images/portfolio/02.jpg]
[duruthemes.com/demo/html/gorman/light-onepage/images/portfolio/03.jpg]
[duruthemes.com/demo/html/gorman/light-onepage/images/portfolio/05.jpg]
[duruthemes.com/demo/html/gorman/light-onepage/images/portfolio/06.jpg]
[duruthemes.com/demo/html/gorman/light-onepage/images/portfolio/07.jpg]
[duruthemes.com/demo/html/gorman/light-onepage/images/quot.png]
[duruthemes.com/demo/html/gorman/light-onepage/images/testimonials/01.png]
[duruthemes.com/demo/html/gorman/light-onepage/images/testimonials/02.png]
[duruthemes.com/demo/html/gorman/light-onepage/images/testimonials/03.png]
[duruthemes.com/demo/html/gorman/light-onepage/post.html]
[duruthemes.com/demo/html/gorman/light-onepage/images/blog/1.jpg]
[duruthemes.com/demo/html/gorman/light-onepage/images/blog/2.jpg]
[duruthemes.com/demo/html/gorman/light-onepage/images/blog/5.jpg]
[duruthemes.com/demo/html/gorman/light-onepage/images/blog/6.jpg]
[duruthemes.com/demo/html/gorman/light-onepage/js/modernizr-2.6.2.min.js]
[duruthemes.com/demo/html/gorman/light-onepage/js/jquery.min.js]
[duruthemes.com/demo/html/gorman/light-onepage/js/jquery.easing.1.3.js]
[duruthemes.com/demo/html/gorman/light-onepage/js/jquery.waypoints.min.js]
[duruthemes.com/demo/html/gorman/light-onepage/js/jquery.flexslider-min.js]
[duruthemes.com/demo/html/gorman/light-onepage/js/sticky-kit.min.js]
[duruthemes.com/demo/html/gorman/light-onepage/js/isotope.js]
[duruthemes.com/demo/html/gorman/light-onepage/js/jquery.magnific-popup.min.js]
[duruthemes.com/demo/html/gorman/light-onepage/index.html]
[duruthemes.com/demo/html/gorman/light-onepage/css/animate.css]
[duruthemes.com/demo/html/gorman/light-onepage/js/custom.js]
[duruthemes.com/demo/html/gorman/light-onepage/js/owl.carousel.min.js]
[duruthemes.com/demo/html/gorman/light-onepage/fonts/et-line.eot]
[duruthemes.com/demo/html/gorman/light-onepage/fonts/et-lined41d.eot]
[duruthemes.com/demo/html/gorman/light-onepage/fonts/et-line.woff]
[duruthemes.com/demo/html/gorman/light-onepage/fonts/et-line.ttf]
[duruthemes.com/demo/html/gorman/light-onepage/css/et-lineicons.css]
[duruthemes.com/demo/html/gorman/light-onepage/fonts/themify.eot]
[duruthemes.com/demo/html/gorman/light-onepage/fonts/themify.woff]
[duruthemes.com/demo/html/gorman/light-onepage/css/themify-icons.css]
[duruthemes.com/demo/html/gorman/light-onepage/css/bootstrap.css]
[duruthemes.com/demo/html/gorman/light-onepage/css/magnific-popup.css]
[duruthemes.com/demo/html/gorman/light-onepage/css/owl.carousel.min.css]
[duruthemes.com/demo/html/gorman/light-onepage/css/owl.theme.default.min.css]
[duruthemes.com/demo/html/gorman/light-onepage/css/flexslider.css]
[duruthemes.com/demo/html/gorman/light-onepage/css/fonts/TuesdayNight-Regular.eot]
[duruthemes.com/demo/html/gorman/light-onepage/css/fonts/TuesdayNight-Regulard41d.eot]
[duruthemes.com/demo/html/gorman/light-onepage/css/fonts/TuesdayNight-Regular.ttf]
[duruthemes.com/demo/html/gorman/light-onepage/css/fonts/TuesdayNight-Regular.svg]
[duruthemes.com/demo/html/gorman/light-onepage/images/loader.gif]
[duruthemes.com/demo/html/gorman/light-onepage/css/style.css]
[duruthemes.com/demo/html/gorman/light-onepage/images/slider.jpg]
[duruthemes.com/demo/html/gorman/light-onepage/project-page.html]
[duruthemes.com/demo/html/gorman/light-onepage/images/portfolio/04.jpg]
[duruthemes.com/demo/html/gorman/light-onepage/post.html]
[duruthemes.com/demo/html/gorman/light-onepage/images/blog/post.jpg]
[duruthemes.com/demo/html/gorman/light-onepage/blog.html]
[duruthemes.com/demo/html/gorman/light-onepage/images/blog/3.jpg]
[duruthemes.com/demo/html/gorman/light-onepage/images/blog/4.jpg]
[duruthemes.com/demo/html/gorman/light-onepage/fonts/et-line.svg]
[duruthemes.com/demo/html/gorman/light-onepage/fonts/themifyd41d.eot]
[duruthemes.com/demo/html/gorman/light-onepage/fonts/themify.ttf]
[duruthemes.com/demo/html/gorman/light-onepage/fonts/themify.svg]
[duruthemes.com/demo/html/gorman/light-onepage/css/fonts/TuesdayNight-Regular.svg]
[duruthemes.com/demo/html/gorman/light-onepage/css/fonts/TuesdayNight-Regular.woff]
[duruthemes.com/demo/html/gorman/light-onepage/images/call.jpg]
[duruthemes.com/demo/html/gorman/light-onepage/blog.html]
[duruthemes.com/demo/html/gorman/light-onepage/fonts/et-line.svg]
[duruthemes.com/demo/html/gorman/light-onepage/fonts/themify.svg]
[duruthemes.com/demo/html/gorman/light-onepage/js/bootstrap.min.js]
